2025-01-01 16:57:51 : error: name or address missing in validatecreateRes method
2025-01-01 17:47:36 : info: Connected to MySQL database.
2025-01-01 17:47:48 : info: Connected to MySQL database.
2025-01-01 17:48:48 : info: Connected to MySQL database.
2025-01-01 17:49:07 : info: Connected to MySQL database.
2025-01-01 17:49:27 : info: Connected to MySQL database.
2025-01-01 17:50:12 : info: Connected to MySQL database.
2025-01-01 17:50:47 : info: Connected to MySQL database.
2025-01-01 17:51:39 : info: Connected to MySQL database.
2025-01-01 17:52:15 : info: Connected to MySQL database.
2025-01-01 17:53:43 : info: Connected to MySQL database.
2025-01-01 17:53:49 : info: Connected to MySQL database.
2025-01-01 17:57:08 : info: Connected to MySQL database.
2025-01-01 17:57:20 : info: Connected to MySQL database.
2025-01-01 17:59:05 : info: Connected to MySQL database.
2025-01-01 17:59:43 : info: Connected to MySQL database.
2025-01-01 17:59:47 : info: Connected to MySQL database.
2025-01-01 17:59:51 : info: Connected to MySQL database.
2025-01-01 18:00:47 : info: Connected to MySQL database.
2025-01-01 18:01:25 : info: Connected to MySQL database.
2025-01-01 18:03:37 : info: Connected to MySQL database.
2025-01-01 18:04:21 : info: Connected to MySQL database.
2025-01-01 18:04:44 : info: Data Fetched SuccessFully
2025-01-01 18:04:50 : info: Data Fetched SuccessFully
2025-01-01 18:05:06 : info: Data Fetched SuccessFully
2025-01-01 18:10:54 : info: Connected to MySQL database.
2025-01-01 18:12:28 : info: Connected to MySQL database.
2025-01-01 18:12:36 : info: Connected to MySQL database.
2025-01-01 18:12:52 : info: Connected to MySQL database.
2025-01-01 18:13:09 : info: Connected to MySQL database.
2025-01-01 18:13:25 : info: Data in orders inserted SuccessFully
2025-01-01 18:13:25 : info: Account Performance Created SuccessFully
2025-01-01 18:13:38 : warn: Resource with ID 1 not found in table accounts_performance
2025-01-01 18:13:38 : error: Error in get method
2025-01-01 18:13:38 : error: Error in getAccountPerformanceByIdController
2025-01-01 18:13:46 : info: Data Fetched SuccessFully
2025-01-01 18:14:33 : info: Connected to MySQL database.
2025-01-01 18:14:38 : error: Error while inserting data into the database
2025-01-01 18:15:02 : info: Connected to MySQL database.
2025-01-01 18:15:05 : info: Account Performance Created SuccessFully
2025-01-01 18:15:05 : info: Data in orders inserted SuccessFully
2025-01-01 18:15:10 : info: Data Fetched SuccessFully
2025-01-01 18:17:37 : info: Connected to MySQL database.
2025-01-01 18:17:43 : info: Data in orders inserted SuccessFully
2025-01-01 18:17:43 : info: Updated performance record for restaurant_id: 4
2025-01-01 18:17:47 : info: Data Fetched SuccessFully
2025-01-01 18:18:03 : info: Connected to MySQL database.
2025-01-01 18:24:55 : info: Connected to MySQL database.
2025-01-01 18:25:04 : error: Error connecting to MySQL getaddrinfo ENOTFOUND sql12.freemysqlhosting.net	
2025-01-01 18:27:43 : error: Error connecting to MySQL Access denied for user 'sql12755125'@'%' to database 'KAM'
2025-01-01 18:28:39 : info: Connected to MySQL database.
2025-01-01 18:29:38 : info: Connected to MySQL database.
2025-01-01 18:33:21 : info: Connected to MySQL database.
2025-01-01 18:33:30 : info: Connected to MySQL database.
2025-01-01 18:34:04 : info: Connected to MySQL database.
2025-01-01 18:35:49 : info: Connected to MySQL database.
2025-01-01 18:37:01 : error: Error connecting to MySQL Access denied for user ''@'localhost' (using password: YES)
2025-01-01 18:37:45 : error: Error connecting to MySQL Access denied for user ''@'localhost' (using password: YES)
2025-01-01 18:38:23 : info: Connected to MySQL database.
2025-01-01 18:38:28 : info: Connected to MySQL database.
2025-01-01 18:39:08 : error: Error while fetching all resources
2025-01-01 18:39:08 : error: Error in getAllRestaurantsController
2025-01-01 19:07:13 : info: Connected to MySQL database.
2025-01-01 19:07:34 : info: Connected to MySQL database.
2025-01-01 19:08:42 : info: Connected to MySQL database.
2025-01-01 19:14:20 : info: Connected to MySQL database.
2025-01-01 19:15:36 : info: Connected to MySQL database.
2025-01-01 19:16:07 : info: Connected to MySQL database.
2025-01-01 19:16:33 : info: Connected to MySQL database.
2025-01-01 19:17:12 : info: Connected to MySQL database.
2025-01-01 19:18:33 : info: Connected to MySQL database.
2025-01-01 19:19:19 : error: name or address missing in validatecreateRes method
2025-01-01 19:19:19 : error: name or address missing in validatecreateRes method
2025-01-01 19:19:55 : error: Error while inserting data into the database
2025-01-01 19:19:55 : error: Error in createRestaurantController
2025-01-01 19:21:07 : info: Connected to MySQL database.
2025-01-01 19:21:37 : info: Connected to MySQL database.
2025-01-01 19:21:44 : error: Error while inserting data into the database
2025-01-01 19:21:44 : error: Error in createRestaurantController
2025-01-01 19:22:11 : info: Connected to MySQL database.
2025-01-01 19:22:44 : info: Connected to MySQL database.
2025-01-01 19:24:10 : info: Connected to MySQL database.
2025-01-01 19:25:14 : info: Connected to MySQL database.
2025-01-01 19:26:11 : info: Connected to MySQL database.
2025-01-01 19:27:32 : info: Connected to MySQL database.
2025-01-01 19:28:03 : info: Connected to MySQL database.
2025-01-01 19:29:35 : info: Data in restaurants inserted SuccessFully
2025-01-01 19:29:46 : info: Data Fetched SuccessFully
2025-01-01 19:29:53 : info: Entry Fetched SuccessFully for id 1
2025-01-01 19:30:04 : info: Resource with ID 1 successfully updated
2025-01-01 19:30:23 : info: Data in pocs inserted SuccessFully
2025-01-01 19:30:30 : info: Entry Fetched SuccessFully for id 1
2025-01-01 19:30:34 : info: Data Fetched SuccessFully
2025-01-01 19:30:38 : info: Fetched a;; POCs for the Restaurant
2025-01-01 19:30:48 : error: Error while inserting data into the database
2025-01-01 19:30:48 : error: Error in createOrderController
2025-01-01 19:32:08 : info: Connected to MySQL database.
2025-01-01 19:32:27 : error: Error connecting to MySQL Access denied for user ''@'localhost' (using password: YES)
2025-01-01 19:34:29 : info: Connected to MySQL database.
2025-01-01 19:36:23 : info: Data in restaurants inserted SuccessFully
2025-01-01 19:36:30 : info: Data Fetched SuccessFully
2025-01-01 19:46:21 : info: Connected to MySQL database.
2025-01-01 19:50:26 : info: Connected to MySQL database.
2025-01-01 19:50:53 : info: Data in restaurants inserted SuccessFully
2025-01-01 19:51:03 : info: Data Fetched SuccessFully
2025-01-01 19:51:16 : info: Entry Fetched SuccessFully for id 14
2025-01-01 19:51:29 : info: Resource with ID 14 successfully updated
2025-01-01 19:51:34 : info: Entry Fetched SuccessFully for id 14
2025-01-01 19:51:41 : info: Resource with ID 14 successfully deleted
2025-01-01 19:51:46 : info: Data Fetched SuccessFully
2025-01-01 19:52:05 : info: Data in pocs inserted SuccessFully
2025-01-01 19:52:13 : info: Data Fetched SuccessFully
2025-01-01 19:52:26 : info: Entry Fetched SuccessFully for id 6
2025-01-01 19:52:37 : info: Fetched a;; POCs for the Restaurant
2025-01-01 19:52:59 : info: Data in orders inserted SuccessFully
2025-01-01 19:52:59 : info: Updated performance record for restaurant_id: 1
2025-01-01 19:53:04 : info: Data Fetched SuccessFully
2025-01-01 19:53:16 : info: Entry Fetched SuccessFully for id 7
2025-01-01 19:53:56 : error: Fields are missing in validateCreateFollowUpCalls MiddleWare
2025-01-01 19:56:07 : info: Data in interactions inserted SuccessFully
2025-01-01 19:56:10 : info: Data Fetched SuccessFully
2025-01-01 19:56:21 : warn: No Interactions found for Restaurant_id 2 in table interactions
2025-01-01 19:56:21 : error: Error in getAllInteractionsByRestaurantId method
2025-01-01 19:56:21 : error: Error in getAllInteractionsByRestaurantId
2025-01-01 19:56:34 : info: Data in Follow_up_calls inserted SuccessFully
2025-01-01 19:56:39 : info: Data Fetched SuccessFully
2025-01-01 19:56:44 : info: Fetched All followUpCalls for the poc_id
2025-01-01 19:56:47 : info: Fetched All followUpCalls for the poc_id
2025-01-01 19:56:51 : warn: Resource with ID 1 not found in table Follow_up_calls
2025-01-01 19:56:51 : error: Error in get method
2025-01-01 19:56:51 : error: Error in getFollowUpCallsByIdController
2025-01-01 19:56:59 : warn: Resource with ID 2 not found in table Follow_up_calls
2025-01-01 19:56:59 : error: Error in get method
2025-01-01 19:56:59 : error: Error in getFollowUpCallsByIdController
2025-01-01 19:57:08 : warn: Resource with ID 3 not found in table Follow_up_calls
2025-01-01 19:57:08 : error: Error in get method
2025-01-01 19:57:08 : error: Error in getFollowUpCallsByIdController
2025-01-01 19:57:18 : info: Data Fetched SuccessFully
2025-01-01 19:57:29 : info: Entry Fetched SuccessFully for id 9
2025-01-01 19:57:35 : info: Fetched All followUpCalls for the poc_id
2025-01-01 19:57:38 : info: Fetched All followUpCalls for the poc_id
2025-01-01 19:57:48 : info: Updated performance record for restaurant_id: 1
2025-01-01 19:57:52 : info: Data Fetched SuccessFully
2025-01-01 19:57:56 : warn: Resource with ID 1 not found in table accounts_performance
2025-01-01 19:57:56 : error: Error in get method
2025-01-01 19:57:56 : error: Error in getAccountPerformanceByIdController
2025-01-01 19:58:03 : info: Entry Fetched SuccessFully for id 2
2025-01-01 19:58:07 : info: Fetched all AccountPerformance for the Restaurant
2025-01-01 19:58:13 : error: Error in LoginController
2025-01-01 19:58:56 : info: Connected to MySQL database.
2025-01-01 20:09:30 : info: Connected to MySQL database.
2025-01-01 20:09:52 : info: Data in restaurants inserted SuccessFully
2025-01-01 20:10:00 : info: Data Fetched SuccessFully
2025-01-01 20:10:09 : info: Entry Fetched SuccessFully for id 15
2025-01-01 20:10:22 : info: Resource with ID 15 successfully updated
2025-01-01 20:10:27 : info: Entry Fetched SuccessFully for id 15
2025-01-01 20:10:50 : info: Data in pocs inserted SuccessFully
2025-01-01 20:10:56 : info: Data Fetched SuccessFully
2025-01-01 20:11:09 : info: Entry Fetched SuccessFully for id 7
2025-01-01 20:11:21 : info: Resource with ID 7 successfully updated
2025-01-01 20:11:25 : info: Entry Fetched SuccessFully for id 7
2025-01-01 20:11:40 : info: Fetched a;; POCs for the Restaurant
2025-01-01 20:11:59 : info: Inserted new performance record for restaurant_id: 15
2025-01-01 20:11:59 : info: Data in orders inserted SuccessFully
2025-01-01 20:12:05 : info: Data Fetched SuccessFully
2025-01-01 20:12:17 : info: Entry Fetched SuccessFully for id 8
2025-01-01 20:12:29 : info: Resource with ID 8 successfully updated
2025-01-01 20:12:36 : info: Entry Fetched SuccessFully for id 8
2025-01-01 20:12:59 : info: Data in interactions inserted SuccessFully
2025-01-01 20:13:04 : info: Data Fetched SuccessFully
2025-01-01 20:13:21 : info: Entry Fetched SuccessFully for id 5
2025-01-01 20:13:31 : info: Resource with ID 5 successfully updated
2025-01-01 20:14:04 : info: Data in Follow_up_calls inserted SuccessFully
2025-01-01 20:14:09 : info: Data Fetched SuccessFully
2025-01-01 20:14:19 : info: Entry Fetched SuccessFully for id 11
2025-01-01 20:14:26 : info: Fetched All followUpCalls for the poc_id
2025-01-01 20:14:40 : info: Fetched All followUpCalls for the poc_id
2025-01-01 20:15:01 : info: Updated performance record for restaurant_id: 15
2025-01-01 20:15:06 : info: Data Fetched SuccessFully
2025-01-01 20:15:20 : info: Entry Fetched SuccessFully for id 6
2025-01-01 20:15:32 : info: Fetched all AccountPerformance for the Restaurant
2025-01-01 20:16:17 : error: Error in LoginController
